
> frontend@0.0.0 dev
> vite --host 127.0.0.1

[2m15.00.33[22m [36m[1m[vite][22m[39m [90m[2m(client)[22m[39m Re-optimizing dependencies because vite config has changed

  [32m[1mVITE[22m v8.0.11[39m  [2mready in [0m[1m953[22m[2m[0m ms[22m

  [32m➜[39m  [1mLocal[22m:   [36mhttp://127.0.0.1:[1m5173[22m/[39m
[2m15.11.36[22m [36m[1m[vite][22m[39m [90m[2m(client)[22m[39m [32mhmr update [39m[2m/src/style.css[22m
[2m15.13.17[22m [36m[1m[vite][22m[39m [90m[2m(client)[22m[39m [32mhmr update [39m[2m/src/style.css[22m
[2m15.13.45[22m [36m[1m[vite][22m[39m [90m[2m(client)[22m[39m [32mhmr update [39m[2m/src/style.css[22m
[2m15.13.47[22m [36m[1m[vite][22m[39m [90m[2m(client)[22m[39m [32mhmr update [39m[2m/src/style.css[22m
[2m15.20.27[22m [36m[1m[vite][22m[39m [90m[2m(client)[22m[39m [32mhmr update [39m[2m/src/style.css[22m
[2m15.22.34[22m [36m[1m[vite][22m[39m [90m[2m(client)[22m[39m [32mhmr update [39m[2m/src/style.css[22m
[2m15.25.18[22m [36m[1m[vite][22m[39m [90m[2m(client)[22m[39m [32mhmr update [39m[2m/src/style.css[22m
[2m15.25.41[22m [36m[1m[vite][22m[39m [90m[2m(client)[22m[39m [32mhmr update [39m[2m/src/style.css[22m
[2m15.34.42[22m [36m[1m[vite][22m[39m [90m[2m(client)[22m[39m [32mhmr update [39m[2m/src/style.css[22m
[2m15.34.47[22m [36m[1m[vite][22m[39m [90m[2m(client)[22m[39m [32mhmr update [39m[2m/src/style.css[22m
[2m15.34.56[22m [36m[1m[vite][22m[39m [90m[2m(client)[22m[39m [32mhmr update [39m[2m/src/style.css[22m
[2m15.35.05[22m [36m[1m[vite][22m[39m [90m[2m(client)[22m[39m [32mhmr update [39m[2m/src/style.css[22m
[2m15.35.17[22m [36m[1m[vite][22m[39m [90m[2m(client)[22m[39m [32mhmr update [39m[2m/src/style.css[22m
[2m15.35.53[22m [36m[1m[vite][22m[39m [90m[2m(client)[22m[39m [32mhmr update [39m[2m/src/style.css[22m
[2m15.37.38[22m [36m[1m[vite][22m[39m [90m[2m(client)[22m[39m [32mhmr update [39m[2m/src/style.css[22m
[2m15.37.51[22m [36m[1m[vite][22m[39m [90m[2m(client)[22m[39m [32mhmr update [39m[2m/src/style.css[22m
[2m15.37.55[22m [36m[1m[vite][22m[39m [90m[2m(client)[22m[39m [32mhmr update [39m[2m/src/style.css[22m
[2m15.38.07[22m [36m[1m[vite][22m[39m [90m[2m(client)[22m[39m [32mhmr update [39m[2m/src/style.css[22m
[2m15.39.05[22m [36m[1m[vite][22m[39m [90m[2m(client)[22m[39m [32mpage reload [39m[2msrc/router/index.js[22m
[2m15.39.10[22m [36m[1m[vite][22m[39m [90m[2m(client)[22m[39m [32mhmr update [39m[2m/src/components/AppLayout.vue, /src/style.css[22m
[2m15.39.15[22m [36m[1m[vite][22m[39m [90m[2m(client)[22m[39m [32mpage reload [39m[2msrc/router/index.js[22m
[2m15.43.15[22m [36m[1m[vite][22m[39m [90m[2m(client)[22m[39m [32mhmr update [39m[2m/src/style.css[22m
[2m15.43.22[22m [36m[1m[vite][22m[39m [90m[2m(client)[22m[39m [32mhmr update [39m[2m/src/style.css[22m
[2m15.59.43[22m [36m[1m[vite][22m[39m [90m[2m(client)[22m[39m [32mhmr update [39m[2m/src/views/finance/ReceivableListView.vue, /src/style.css[22m
[2m15.59.50[22m [36m[1m[vite][22m[39m [90m[2m(client)[22m[39m [32mhmr update [39m[2m/src/views/finance/ReceivableListView.vue, /src/style.css[22m
[2m16.17.44[22m [36m[1m[vite][22m[39m [90m[2m(client)[22m[39m [32mhmr update [39m[2m/src/style.css, /src/views/finance/ReceivableListView.vue[22m
[2m16.17.57[22m [36m[1m[vite][22m[39m [90m[2m(client)[22m[39m [32mhmr update [39m[2m/src/style.css, /src/views/finance/ReceivableListView.vue[22m
[2m16.18.12[22m [36m[1m[vite][22m[39m [90m[2m(client)[22m[39m [32mhmr update [39m[2m/src/views/bookings/BookingListView.vue, /src/views/bookings/BookingListView.vue?vue&type=style&index=0&scoped=622bc73a&lang.css, /src/style.css[22m
[2m16.18.17[22m [36m[1m[vite][22m[39m [90m[2m(client)[22m[39m [32mhmr update [39m[2m/src/views/finance/ReceivableListView.vue, /src/style.css[22m
[2m16.18.47[22m [36m[1m[vite][22m[39m [90m[2m(client)[22m[39m [32mhmr update [39m[2m/src/views/finance/ReceivableListView.vue, /src/style.css[22m
[2m16.19.00[22m [36m[1m[vite][22m[39m [90m[2m(client)[22m[39m [32mhmr update [39m[2m/src/views/finance/ReceivableListView.vue, /src/style.css[22m
[2m16.19.47[22m [36m[1m[vite][22m[39m [90m[2m(client)[22m[39m [32mpage reload [39m[2msrc/router/index.js[22m
[2m16.21.13[22m [36m[1m[vite][22m[39m [90m[2m(client)[22m[39m [32mhmr update [39m[2m/src/views/finance/ReceivableListView.vue, /src/style.css[22m
[2m16.22.10[22m [36m[1m[vite][22m[39m [90m[2m(client)[22m[39m [32mhmr update [39m[2m/src/views/bookings/BookingListView.vue, /src/style.css[22m
[2m16.22.18[22m [36m[1m[vite][22m[39m [90m[2m(client)[22m[39m [32mhmr update [39m[2m/src/views/finance/ReceivableListView.vue, /src/style.css[22m
[2m16.22.24[22m [36m[1m[vite][22m[39m [90m[2m(client)[22m[39m [32mhmr update [39m[2m/src/views/bookings/BookingListView.vue?vue&type=style&index=0&scoped=622bc73a&lang.css, /src/style.css[22m
[2m16.26.24[22m [36m[1m[vite][22m[39m [90m[2m(client)[22m[39m [32mhmr update [39m[2m/src/views/bookings/BookingListView.vue, /src/views/bookings/BookingListView.vue?vue&type=style&index=0&scoped=622bc73a&lang.css, /src/style.css[22m
[2m16.36.59[22m [36m[1m[vite][22m[39m [90m[2m(client)[22m[39m [32mhmr update [39m[2m/src/views/finance/ReceivableListView.vue, /src/style.css[22m
[2m16.37.08[22m [36m[1m[vite][22m[39m [90m[2m(client)[22m[39m [32mhmr update [39m[2m/src/views/finance/ReceivableListView.vue, /src/style.css[22m
[2m16.37.15[22m [36m[1m[vite][22m[39m [90m[2m(client)[22m[39m [32mhmr update [39m[2m/src/views/finance/ReceivableListView.vue, /src/style.css[22m
[2m16.37.20[22m [36m[1m[vite][22m[39m [90m[2m(client)[22m[39m [32mhmr update [39m[2m/src/views/finance/ReceivableListView.vue?vue&type=style&index=0&scoped=83e6ccb5&lang.css, /src/style.css[22m
[2m16.37.39[22m [36m[1m[vite][22m[39m [90m[2m(client)[22m[39m [32mhmr update [39m[2m/src/style.css[22m
[2m16.37.51[22m [36m[1m[vite][22m[39m [90m[2m(client)[22m[39m [32mhmr update [39m[2m/src/views/bookings/BookingListView.vue?vue&type=style&index=0&scoped=622bc73a&lang.css, /src/style.css[22m
[2m16.48.37[22m [36m[1m[vite][22m[39m [90m[2m(client)[22m[39m [32mhmr update [39m[2m/src/style.css[22m
[2m16.48.49[22m [36m[1m[vite][22m[39m [90m[2m(client)[22m[39m [32mhmr update [39m[2m/src/views/bookings/BookingDetailView.vue, /src/style.css[22m
[2m16.48.56[22m [36m[1m[vite][22m[39m [90m[2m(client)[22m[39m [32mhmr update [39m[2m/src/views/bookings/BookingDetailView.vue, /src/style.css[22m
[2m16.49.12[22m [36m[1m[vite][22m[39m [90m[2m(client)[22m[39m [32mhmr update [39m[2m/src/views/finance/ReceivableListView.vue, /src/style.css[22m
[2m16.49.18[22m [36m[1m[vite][22m[39m [90m[2m(client)[22m[39m [32mhmr update [39m[2m/src/views/finance/ReceivableListView.vue, /src/style.css[22m
[2m16.49.50[22m [36m[1m[vite][22m[39m [90m[2m(client)[22m[39m [32mhmr update [39m[2m/src/views/bookings/BookingDetailView.vue, /src/style.css[22m
[2m16.49.57[22m [36m[1m[vite][22m[39m [90m[2m(client)[22m[39m [32mhmr update [39m[2m/src/views/finance/ReceivableListView.vue, /src/style.css[22m
[2m16.57.30[22m [36m[1m[vite][22m[39m [90m[2m(client)[22m[39m [32mhmr update [39m[2m/src/views/bookings/BookingListView.vue, /src/style.css[22m
[2m16.57.43[22m [36m[1m[vite][22m[39m [90m[2m(client)[22m[39m [32mhmr update [39m[2m/src/views/bookings/BookingListView.vue, /src/views/bookings/BookingListView.vue?vue&type=style&index=0&scoped=622bc73a&lang.css, /src/style.css[22m
[2m16.58.57[22m [36m[1m[vite][22m[39m [90m[2m(client)[22m[39m [32mhmr update [39m[2m/src/views/bookings/BookingListView.vue, /src/style.css[22m
[2m16.59.42[22m [36m[1m[vite][22m[39m [90m[2m(client)[22m[39m [32mhmr update [39m[2m/src/views/bookings/BookingListView.vue, /src/style.css[22m
[2m17.00.16[22m [36m[1m[vite][22m[39m [90m[2m(client)[22m[39m [32mhmr update [39m[2m/src/views/bookings/BookingListView.vue, /src/style.css[22m
[2m17.00.32[22m [36m[1m[vite][22m[39m [90m[2m(client)[22m[39m [32mhmr update [39m[2m/src/components/bookings/BookingStatusBadge.vue, /src/style.css[22m
[2m17.00.57[22m [36m[1m[vite][22m[39m [90m[2m(client)[22m[39m [32mhmr update [39m[2m/src/views/bookings/BookingListView.vue, /src/style.css[22m
[2m17.06.25[22m [36m[1m[vite][22m[39m [90m[2m(client)[22m[39m [32mhmr update [39m[2m/src/style.css[22m
[2m17.07.45[22m [36m[1m[vite][22m[39m [90m[2m(client)[22m[39m [32mhmr update [39m[2m/src/style.css[22m
[2m17.14.08[22m [36m[1m[vite][22m[39m [90m[2m(client)[22m[39m [32mhmr update [39m[2m/src/style.css, /src/views/bookings/BookingDetailView.vue[22m
[2m17.14.08[22m [36m[1m[vite][22m[39m [90m[2m(client)[22m[39m [32mhmr update [39m[2m/src/style.css, /src/views/bookings/BookingDetailView.vue[22m
[2m17.14.08[22m [36m[1m[vite][22m[39m [90m[2m(client)[22m[39m [32mpage reload [39m[2msrc/router/index.js[22m
[2m17.17.55[22m [36m[1m[vite][22m[39m [90m[2m(client)[22m[39m [32mhmr update [39m[2m/src/style.css[22m
[2m17.18.44[22m [36m[1m[vite][22m[39m [90m[2m(client)[22m[39m [32mhmr update [39m[2m/src/style.css[22m
[2m17.18.51[22m [36m[1m[vite][22m[39m [90m[2m(client)[22m[39m [32mhmr update [39m[2m/src/style.css[22m
[2m17.21.13[22m [36m[1m[vite][22m[39m [90m[2m(client)[22m[39m [32mhmr update [39m[2m/src/style.css[22m
[2m17.43.27[22m [36m[1m[vite][22m[39m [90m[2m(client)[22m[39m [32mhmr update [39m[2m/src/components/bookings/BookingCalendar.vue, /src/components/bookings/BookingCalendar.vue?vue&type=style&index=0&scoped=0c22e5bb&lang.css, /src/style.css[22m
[2m17.44.02[22m [36m[1m[vite][22m[39m [90m[2m(client)[22m[39m [32mhmr update [39m[2m/src/views/bookings/BookingListView.vue, /src/style.css[22m
[2m17.45.02[22m [36m[1m[vite][22m[39m [90m[2m(client)[22m[39m [32mhmr update [39m[2m/src/views/bookings/BookingListView.vue?vue&type=style&index=0&scoped=622bc73a&lang.css, /src/style.css[22m
[2m17.57.45[22m [36m[1m[vite][22m[39m [90m[2m(client)[22m[39m [32mhmr update [39m[2m/src/components/bookings/BookingCalendar.vue, /src/components/bookings/BookingCalendar.vue?vue&type=style&index=0&scoped=0c22e5bb&lang.css, /src/style.css[22m
[2m17.58.06[22m [36m[1m[vite][22m[39m [90m[2m(client)[22m[39m [32mhmr update [39m[2m/src/components/bookings/BookingCalendar.vue?vue&type=style&index=0&scoped=0c22e5bb&lang.css, /src/style.css[22m
